nohup: ignoring input
[dotenv@17.2.1] injecting env (7) from .env -- tip: 📡 observe env with Radar: https://dotenvx.com/radar
(node:17415) [MONGODB DRIVER] Warning: useNewUrlParser is a deprecated option: useNewUrlParser has no effect since Node.js Driver version 4.0.0 and will be removed in the next major version
(Use `node --trace-warnings ...` to show where the warning was created)
(node:17415) [MONGODB DRIVER] Warning: useUnifiedTopology is a deprecated option: useUnifiedTopology has no effect since Node.js Driver version 4.0.0 and will be removed in the next major version
Server running on port 5000
MongoDB connected
OmniDIM Webhook received - Full request body: {
  "call_id": 54941,
  "bot_id": 8339,
  "bot_name": "Community Support Assistant",
  "phone_number": "",
  "call_date": "2025-08-01 17:00:00",
  "user_email": "john.doe@example.com",
  "call_report": {
    "summary": "The user reported a noise complaint about loud music coming from apartment 45. The agent acknowledged the complaint and provided information about quiet hours.",
    "sentiment": "Frustrated",
    "extracted_variables": {
      "conversation_summary": "The user reported excessive noise from apartment 45 and requested assistance.",
      "description": "Loud music playing from apartment 45 during quiet hours",
      "issue_type": "noise",
      "location": "Apartment 45",
      "phone_number": "Not provided"
    }
  }
}
Request headers: {
  host: 'localhost:5000',
  'user-agent': 'curl/8.12.1',
  accept: '*/*',
  'content-type': 'application/json',
  'content-length': '744'
}
OmniDIM Webhook parsed fields: {
  issue_type: 'noise',
  location: 'Apartment 45',
  description: 'Loud music playing from apartment 45 during quiet hours',
  phone_number: 'Not provided',
  call_id: 54941
}
Processing issue: {
  originalIssueType: 'noise',
  safeIssueType: 'noise',
  category: 'noise',
  priority: 'medium'
}
Issue created from voice call: new ObjectId('688d1907fa9f729df1c5708c')
OmniDIM Webhook received - Full request body: {
  "call_id": 54942,
  "bot_id": 8339,
  "bot_name": "Community Support Assistant",
  "phone_number": "",
  "call_date": "2025-08-01 17:30:00",
  "user_email": "sarah.smith@example.com",
  "call_report": {
    "summary": "The user reported an electrical problem with the lights in the hallway. The agent provided contact information for an electrician.",
    "sentiment": "Concerned",
    "extracted_variables": {
      "conversation_summary": "The user reported electrical issues in the hallway and requested assistance.",
      "description": "Lights in the hallway are not working properly",
      "issue_type": "electrical",
      "location": "Hallway",
      "phone_number": "Not provided"
    }
  }
}
Request headers: {
  host: 'localhost:5000',
  'user-agent': 'curl/8.12.1',
  accept: '*/*',
  'content-type': 'application/json',
  'content-length': '707'
}
OmniDIM Webhook parsed fields: {
  issue_type: 'electrical',
  location: 'Hallway',
  description: 'Lights in the hallway are not working properly',
  phone_number: 'Not provided',
  call_id: 54942
}
Processing issue: {
  originalIssueType: 'electrical',
  safeIssueType: 'electrical',
  category: 'utilities',
  priority: 'high'
}
Issue created from voice call: new ObjectId('688d190efa9f729df1c57091')
